GowinSynthesis start
Running parser ...
Analyzing Verilog file '/home/champagnepapi/Documents/Forklift_FSM/FORKLIFT/src/forklift_top.v'
Compiling module 'forklift_top'("/home/champagnepapi/Documents/Forklift_FSM/FORKLIFT/src/forklift_top.v":8)
WARN  (EX3791) : Expression size 21 truncated to fit in target size 20("/home/champagnepapi/Documents/Forklift_FSM/FORKLIFT/src/forklift_top.v":49)
WARN  (EX3791) : Expression size 32 truncated to fit in target size 20("/home/champagnepapi/Documents/Forklift_FSM/FORKLIFT/src/forklift_top.v":55)
NOTE  (EX0101) : Current top module is "forklift_top"
[5%] Running netlist conversion ...
Running device independent optimization ...
[10%] Optimizing Phase 0 completed
[15%] Optimizing Phase 1 completed
[25%] Optimizing Phase 2 completed
Running inference ...
[30%] Inferring Phase 0 completed
[40%] Inferring Phase 1 completed
[50%] Inferring Phase 2 completed
[55%] Inferring Phase 3 completed
Running technical mapping ...
[60%] Tech-Mapping Phase 0 completed
[65%] Tech-Mapping Phase 1 completed
[75%] Tech-Mapping Phase 2 completed
[80%] Tech-Mapping Phase 3 completed
[90%] Tech-Mapping Phase 4 completed
[95%] Generate netlist file "/home/champagnepapi/Documents/Forklift_FSM/FORKLIFT/impl/gwsynthesis/FORKLIFT.vg" completed
[100%] Generate report file "/home/champagnepapi/Documents/Forklift_FSM/FORKLIFT/impl/gwsynthesis/FORKLIFT_syn.rpt.html" completed
GowinSynthesis finish
